        -:    0:Source:/mnt/c/Projects/fac/OOP/Lab8/domain.h
        -:    0:Graph:/mnt/c/Projects/fac/OOP/Lab8/cmake-build-debug-coverage/CMakeFiles/Lab5_Contract_de_studii.dir/controller.cpp.gcno
        -:    0:Data:/mnt/c/Projects/fac/OOP/Lab8/cmake-build-debug-coverage/CMakeFiles/Lab5_Contract_de_studii.dir/controller.cpp.gcda
        -:    0:Runs:1
        -:    1://
        -:    2:// Created by jdt on 3/26/2022.
        -:    3://
        -:    4:
        -:    5:#ifndef LAB5_CONTRACT_DE_STUDII_DOMAIN_H
        -:    6:#define LAB5_CONTRACT_DE_STUDII_DOMAIN_H
        -:    7:
        -:    8:#include <string>
        -:    9:#include <utility>
        -:   10:#include <iostream>
        -:   11:
        -:   12:class Course{
        -:   13:private:
        -:   14:    std::string name, type, teacher;
        -:   15:    unsigned int hours_per_week;
        -:   16:    size_t id;
        -:   17:public:
function _ZN6CourseC2ERKNSt7__cxx1112basic_stringIcSt11char_traitsIcESaIcEEES7_S7_jm called 16 returned 100% blocks executed 62%
       16:   18:  Course(const std::string& name, const std::string& type,
        -:   19:         const std::string& teacher,
       16:   20:         unsigned int hours_per_week, size_t id) :
        -:   21:        name(name),
        -:   22:        type(type),
        -:   23:        teacher(teacher),
        -:   24:        hours_per_week(hours_per_week),
       16:   25:        id(id){}
       16:   25-block  0
call    0 returned 16
call    1 returned 16
branch  2 taken 16 (fallthrough)
branch  3 taken 0 (throw)
       16:   25-block  1
call    4 returned 16
branch  5 taken 16 (fallthrough)
branch  6 taken 0 (throw)
       16:   25-block  2
    $$$$$:   25-block  3
call    7 never executed
    $$$$$:   25-block  4
call    8 never executed
        -:   26:
function _ZN6CourseC2ERKS_ called 36 returned 100% blocks executed 62%
       36:   27:  Course(const Course& org) = default;
       36:   27-block  0
call    0 returned 36
call    1 returned 36
branch  2 taken 36 (fallthrough)
branch  3 taken 0 (throw)
       36:   27-block  1
call    4 returned 36
branch  5 taken 36 (fallthrough)
branch  6 taken 0 (throw)
       36:   27-block  2
    $$$$$:   27-block  3
call    7 never executed
    $$$$$:   27-block  4
call    8 never executed
        -:   28:
function _ZN6CourseC2EOS_ called 23 returned 100% blocks executed 100%
       23:   29:  Course(Course&&) = default;
       23:   29-block  0
call    0 returned 23
call    1 returned 23
call    2 returned 23
        -:   30:
function _ZN6CourseaSERKS_ called 19 returned 100% blocks executed 80%
       19:   31:  Course& operator=(const Course& c){
       19:   32:    if(this->to_str() == c.to_str()){
       19:   32-block  0
call    0 returned 19
call    1 returned 19
branch  2 taken 19 (fallthrough)
branch  3 taken 0 (throw)
       19:   32-block  1
call    4 returned 19
call    5 returned 19
call    6 returned 19
branch  7 taken 0 (fallthrough)
branch  8 taken 19
    $$$$$:   32-block  2
call    9 never executed
    #####:   33:      return *this;
    %%%%%:   33-block  0
        -:   34:    } else {
       19:   35:      this->hours_per_week = c.hours_per_week;
       19:   36:      this->teacher = c.teacher;
       19:   36-block  0
call    0 returned 19
       19:   37:      this->name = c.name;
call    0 returned 19
       19:   38:      this->type = c.type;
call    0 returned 19
       19:   39:      this->id = c.id;
       19:   40:      return *this;
        -:   41:    }
        -:   42:
        -:   43:  }
        -:   44:
        -:   45://    Course(const Course& org) : name(org.name), type(org.type), teacher(org.teacher), hours_per_week(org.hours_per_week),
        -:   46://                              id(org.id){
        -:   47://      std::cout << "copy" << std::endl;
        -:   48://  }
        -:   49:
        -:   50:  [[nodiscard]] size_t get_id() const;
        -:   51:
function _ZNK6Course8get_nameB5cxx11Ev called 43 returned 100% blocks executed 100%
       43:   52:  [[nodiscard]] const std::string& get_name() const {
       43:   53:    return name;
       43:   53-block  0
        -:   54:  }
        -:   55:
function _ZNK6Course6getHPWEv called 25 returned 100% blocks executed 100%
       25:   56:  [[nodiscard]] unsigned getHPW() const{
       25:   57:    return hours_per_week;
       25:   57-block  0
        -:   58:  }
        -:   59:
function _ZNK6Course11get_teacherB5cxx11Ev called 34 returned 100% blocks executed 100%
       34:   60:  [[nodiscard]] const std::string& get_teacher() const{
       34:   61:    return teacher;
       34:   61-block  0
        -:   62:  }
        -:   63:
function _ZNK6Course8get_typeB5cxx11Ev called 10 returned 100% blocks executed 100%
       10:   64:  [[nodiscard]] const std::string& get_type() const{
       10:   65:    return type;
       10:   65-block  0
        -:   66:  }
        -:   67:
function _ZN6Course8set_nameENSt7__cxx1112basic_stringIcSt11char_traitsIcESaIcEEE called 2 returned 100% blocks executed 100%
        2:   68:  void set_name(std::string new_name){
        2:   69:    this->name = std::move(new_name);
        2:   69-block  0
call    0 returned 2
call    1 returned 2
        2:   70:  }
        -:   71:
function _ZN6Course8set_typeENSt7__cxx1112basic_stringIcSt11char_traitsIcESaIcEEE called 2 returned 100% blocks executed 100%
        2:   72:  void set_type(std::string new_type){
        2:   73:    this->type = std::move(new_type);
        2:   73-block  0
call    0 returned 2
call    1 returned 2
        2:   74:  }
        -:   75:
function _ZN6Course11set_teacherENSt7__cxx1112basic_stringIcSt11char_traitsIcESaIcEEE called 2 returned 100% blocks executed 100%
        2:   76:  void set_teacher(std::string new_teacher){
        2:   77:    this->teacher = std::move(new_teacher);
        2:   77-block  0
call    0 returned 2
call    1 returned 2
        2:   78:  }
        -:   79:
function _ZN6Course7set_hpwEj called 2 returned 100% blocks executed 100%
        2:   80:  void set_hpw(unsigned int new_hours_per_week){
        2:   81:    this->hours_per_week = new_hours_per_week;
        2:   82:  }
        -:   83:
        -:   84:  Course(): hours_per_week(0), id(0){}
function _ZN6CourseD2Ev called 75 returned 100% blocks executed 100%
       75:   85:  ~Course() = default;
       75:   85-block  0
call    0 returned 75
call    1 returned 75
call    2 returned 75
        -:   86:
        -:   87:  /**
        -:   88:   * Convert the Course to a string format.
        -:   89:   * @return The stringified course.
        -:   90:   */
        -:   91:  [[nodiscard]] std::string to_str() const;
        -:   92:
        -:   93:  /**
        -:   94:   * Convert the Course to CSV format.
        -:   95:   * @return The Course, in Comma Separated Values format.
        -:   96:   */
        -:   97:  [[nodiscard]] std::string to_csv() const;
        -:   98:
        -:   99:};
        -:  100:
        -:  101:#endif //LAB5_CONTRACT_DE_STUDII_DOMAIN_H
