        -:    0:Source:C:/Projects/fac/OOP/Lab5_Contract_de_studii/repo.h
        -:    0:Graph:C:\Projects\fac\OOP\Lab5_Contract_de_studii\cmake-build-debug-coverage\CMakeFiles\Lab5_Contract_de_studii.dir\controller.cpp.gcno
        -:    0:Data:C:\Projects\fac\OOP\Lab5_Contract_de_studii\cmake-build-debug-coverage\CMakeFiles\Lab5_Contract_de_studii.dir\controller.cpp.gcda
        -:    0:Runs:1
        -:    1://
        -:    2:// Created by jdt on 2022-03-31.
        -:    3://
        -:    4:
        -:    5:#ifndef LAB5_CONTRACT_DE_STUDII_REPO_H
        -:    6:#define LAB5_CONTRACT_DE_STUDII_REPO_H
        -:    7:
        -:    8:#include <vector>
        -:    9:#include "Vector.h"
        -:   10:
        -:   11:template<typename T>
        -:   12:class Repo{
        -:   13:private:
        -:   14:  Vector<T> contents;
        -:   15:public:
        -:   16:  size_t next_free_id;
        -:   17:
        -:   18:  Repo();
        -:   19:
        -:   20:  /**
        -:   21:   * Get the element at a given index
        -:   22:   * @param index
        -:   23:   * @return
        -:   24:   */
        -:   25:  const T& at(size_t index) const{
        -:   26:    return contents.at(index);
        -:   27:  }
        -:   28:
        -:   29:  /**
        -:   30:   * Get the current size of the internal vector
        -:   31:   * @return
        -:   32:   */
        -:   33:  [[nodiscard]] size_t get_size() const{
        -:   34:    return contents.size();
        -:   35:  }
        -:   36:
        -:   37:  /**
        -:   38:   * Add an element to the Repository
        -:   39:   * @param element
        -:   40:   */
function _ZN4RepoI6CourseE3addERKS0_ called 7 returned 100% blocks executed 100%
        7:   41:  void add(const T& element){
        7:   42:    this->contents.push_back(element);
        7:   42-block  0
call    0 returned 7
        7:   43:    next_free_id++;
        7:   44:  }
        -:   45:
        -:   46:  /**
        -:   47:   * Get an iterator to the beginning of the Repository
        -:   48:   * @return
        -:   49:   */
function _ZNK4RepoI6CourseE5beginEv called 15 returned 100% blocks executed 100%
       15:   50:  typename Vector<T>::const_iterator begin() const{
       15:   51:    return contents.cbegin();
       15:   51-block  0
call    0 returned 15
        -:   52:  }
        -:   53:
        -:   54:    /**
        -:   55:     * Get an iterator to one past the end of the Repository
        -:   56:     * @return
        -:   57:     */
function _ZNK4RepoI6CourseE3endEv called 35 returned 100% blocks executed 100%
       35:   58:  typename Vector<T>::const_iterator end() const{
       35:   59:    return contents.cend();
       35:   59-block  0
call    0 returned 35
        -:   60:  }
        -:   61:
        -:   62:  //Find an element by its ID
function _ZN4RepoI6CourseE10find_by_idEy called 3 returned 67% blocks executed 87%
        3:   63:  T& find_by_id(size_t id){
        3:   64:    auto res = std::find_if(begin(), end(),
        3:   64-block  0
call    0 returned 3
branch  1 taken 3 (fallthrough)
branch  2 taken 0 (throw)
        3:   64-block  1
call    3 returned 3
branch  4 taken 3 (fallthrough)
branch  5 taken 0 (throw)
        3:   64-block  2
call    6 returned 3
branch  7 taken 3 (fallthrough)
branch  8 taken 0 (throw)
function _ZZN4RepoI6CourseE10find_by_idEyENKUlRKS0_E_clES3_ called 7 returned 100% blocks executed 100%
       14:   65:                            [id] (const T& first)
        7:   66:                            {return first.get_id() == id;});
        7:   66-block  0
call    0 returned 7
        3:   67:    if(res == end())
        3:   67-block  0
call    0 returned 3
branch  1 taken 3 (fallthrough)
branch  2 taken 0 (throw)
        3:   67-block  1
call    3 returned 3
branch  4 taken 1 (fallthrough)
branch  5 taken 2
        1:   68:      throw std::out_of_range("Error: ID not found");
        1:   68-block  0
call    0 returned 1
call    1 returned 1
branch  2 taken 1 (fallthrough)
branch  3 taken 0 (throw)
        1:   68-block  1
call    4 returned 1
    $$$$$:   68-block  2
call    5 never executed
        4:   69:    return *res;
        2:   69-block  0
call    0 returned 2
        2:   69-block  1
        -:   70:  }
        -:   71:
        -:   72:  /**
        -:   73:   * Remove the element with a given ID
        -:   74:   * @param id
        -:   75:   */
function _ZN4RepoI6CourseE12remove_by_idEy called 3 returned 67% blocks executed 86%
        3:   76:  void remove_by_id(size_t id){
        3:   77:    auto res = std::find_if(begin(), end(),
        3:   77-block  0
call    0 returned 3
branch  1 taken 3 (fallthrough)
branch  2 taken 0 (throw)
        3:   77-block  1
call    3 returned 3
branch  4 taken 3 (fallthrough)
branch  5 taken 0 (throw)
        3:   77-block  2
call    6 returned 3
branch  7 taken 3 (fallthrough)
branch  8 taken 0 (throw)
function _ZZN4RepoI6CourseE12remove_by_idEyENKUlRKS0_E_clES3_ called 6 returned 100% blocks executed 100%
       12:   78:                            [id] (const T& first)
        6:   79:                            {return first.get_id() == id;});
        6:   79-block  0
call    0 returned 6
        3:   80:    if(res == end())
        3:   80-block  0
call    0 returned 3
branch  1 taken 3 (fallthrough)
branch  2 taken 0 (throw)
        3:   80-block  1
call    3 returned 3
branch  4 taken 1 (fallthrough)
branch  5 taken 2
        1:   81:      throw std::out_of_range("Error: ID not found");
        1:   81-block  0
call    0 returned 1
call    1 returned 1
branch  2 taken 1 (fallthrough)
branch  3 taken 0 (throw)
        1:   81-block  1
call    4 returned 1
    $$$$$:   81-block  2
call    5 never executed
        2:   82:    contents.erase(res);
        2:   82-block  0
call    0 returned 2
branch  1 taken 2 (fallthrough)
branch  2 taken 0 (throw)
        2:   83:  }
        2:   83-block  0
        -:   84:
        -:   85:  /**
        -:   86:   * Remove the element at a certain index.
        -:   87:   * @param index
        -:   88:   */
        -:   89:  void remove_at(size_t index){
        -:   90:    auto it = begin() + index;
        -:   91:    contents.erase(it);
        -:   92:  }
        -:   93:
        -:   94:  /**
        -:   95:   * Get the internal vector.
        -:   96:   * @return
        -:   97:   */
function _ZN4RepoI6CourseE9getVectorEv called 4 returned 100% blocks executed 100%
        4:   98:  Vector<Course>& getVector(){
        4:   99:    return contents;
        4:   99-block  0
        -:  100:  }
        -:  101:};
        -:  102:template <typename T> Repo<T>::Repo() : next_free_id(0){}
        -:  103:
        -:  104:#endif // LAB5_CONTRACT_DE_STUDII_REPO_H
