        -:    0:Source:C:/Projects/fac/OOP/Lab5_Contract_de_studii/exception.h
        -:    0:Graph:C:\Projects\fac\OOP\Lab5_Contract_de_studii\cmake-build-debug-coverage\CMakeFiles\Lab5_Contract_de_studii.dir\controller.cpp.gcno
        -:    0:Data:C:\Projects\fac\OOP\Lab5_Contract_de_studii\cmake-build-debug-coverage\CMakeFiles\Lab5_Contract_de_studii.dir\controller.cpp.gcda
        -:    0:Runs:1
        -:    1://
        -:    2:// Created by jdt on 2022-04-07.
        -:    3://
        -:    4:
        -:    5:#ifndef LAB5_CONTRACT_DE_STUDII_EXCEPTION_H
        -:    6:#define LAB5_CONTRACT_DE_STUDII_EXCEPTION_H
        -:    7:
        -:    8:#include <stdexcept>
        -:    9:
        -:   10:#include <stdexcept>
        -:   11:struct NameError: public std::invalid_argument{
function _ZN9NameErrorC1ERKNSt7__cxx1112basic_stringIcSt11char_traitsIcESaIcEEE called 2 returned 100% blocks executed 100%
        2:   12:  explicit NameError(const std::string& msg): std::invalid_argument(msg){}
        2:   12-block  0
call    0 returned 2
        -:   13:};
        -:   14:struct HoursPerWeekError: public std::invalid_argument{
function _ZN17HoursPerWeekErrorC1ERKNSt7__cxx1112basic_stringIcSt11char_traitsIcESaIcEEE called 1 returned 100% blocks executed 100%
        1:   15:  explicit HoursPerWeekError(const std::string& msg): std::invalid_argument(msg){}
        1:   15-block  0
call    0 returned 1
        -:   16:};
        -:   17:struct CourseTypeError: public std::invalid_argument{
function _ZN15CourseTypeErrorC1ERKNSt7__cxx1112basic_stringIcSt11char_traitsIcESaIcEEE called 1 returned 100% blocks executed 100%
        1:   18:  explicit CourseTypeError(const std::string& msg): std::invalid_argument(msg){}
        1:   18-block  0
call    0 returned 1
        -:   19:};
        -:   20:
        -:   21:#endif // LAB5_CONTRACT_DE_STUDII_EXCEPTION_H
