        -:    0:Source:/mnt/c/Projects/fac/OOP/Lab8/main.cpp
        -:    0:Graph:/mnt/c/Projects/fac/OOP/Lab8/cmake-build-debug-coverage/CMakeFiles/Lab5_Contract_de_studii.dir/main.cpp.gcno
        -:    0:Data:/mnt/c/Projects/fac/OOP/Lab8/cmake-build-debug-coverage/CMakeFiles/Lab5_Contract_de_studii.dir/main.cpp.gcda
        -:    0:Runs:1
        -:    1:#include "user_interface.h"
        -:    2:#include "test.h"
        -:    3:
function main called 1 returned 100% blocks executed 100%
        1:    4:int main() {
        1:    5:    ContractController::init();
        1:    5-block  0
call    0 returned 1
        1:    6:    run_all_tests();
call    0 returned 1
        -:    7://    UserInterface ui;
        -:    8://    ui.command_loop();
        -:    9://    return 0;
        1:   10:}
