        -:    0:Source:/mnt/c/Projects/fac/OOP/Lab8/user_interface.cpp
        -:    0:Graph:/mnt/c/Projects/fac/OOP/Lab8/cmake-build-debug-coverage/CMakeFiles/Lab5_Contract_de_studii.dir/user_interface.cpp.gcno
        -:    0:Data:/mnt/c/Projects/fac/OOP/Lab8/cmake-build-debug-coverage/CMakeFiles/Lab5_Contract_de_studii.dir/user_interface.cpp.gcda
        -:    0:Runs:1
        -:    1://
        -:    2:// Created by jdt on 3/27/2022.
        -:    3://
        -:    4:
        -:    5:#include "user_interface.h"
        -:    6:#include "validate.h"
        -:    7:#include "controller.h"
        -:    8:
        -:    9:#include <unordered_map>
        -:   10:#include <functional>
        -:   11:
function _ZN13UserInterface12command_loopEv called 0 returned 0% blocks executed 0%
    #####:   12:[[noreturn]] void UserInterface::command_loop() {
    #####:   13:    std::string cmd;
    %%%%%:   13-block  0
call    0 never executed
    $$$$$:   13-block  1
call    1 never executed
    #####:   14:    std::unordered_map<std::string, std::function<void()>> valid_commands;
call    0 never executed
    $$$$$:   14-block  0
call    1 never executed
        -:   15:
        -:   16:    while (true) {
    #####:   17:        print_help_menu();
    %%%%%:   17-block  0
call    0 never executed
branch  1 never executed
branch  2 never executed
    #####:   18:        read_w_message(cmd, "-->");
    %%%%%:   18-block  0
call    0 never executed
branch  1 never executed
branch  2 never executed
        -:   19:
        -:   20:
    #####:   21:        if (cmd == "add") {
    %%%%%:   21-block  0
call    0 never executed
branch  1 never executed
branch  2 never executed
    #####:   22:            addCourse();
    %%%%%:   22-block  0
call    0 never executed
branch  1 never executed
branch  2 never executed
    #####:   23:        } else if (cmd == "exit") {
    %%%%%:   23-block  0
call    0 never executed
branch  1 never executed
branch  2 never executed
    #####:   24:            exit_gracefully();
    %%%%%:   24-block  0
call    0 never executed
branch  1 never executed
branch  2 never executed
    #####:   25:        } else if (cmd == "list") {
    %%%%%:   25-block  0
call    0 never executed
branch  1 never executed
branch  2 never executed
    #####:   26:            listAll();
    %%%%%:   26-block  0
call    0 never executed
branch  1 never executed
branch  2 never executed
    #####:   27:        } else if (cmd == "rm") {
    %%%%%:   27-block  0
call    0 never executed
branch  1 never executed
branch  2 never executed
    #####:   28:            deleteCourse();
    %%%%%:   28-block  0
call    0 never executed
branch  1 never executed
branch  2 never executed
    #####:   29:        } else if (cmd == "mod") {
    %%%%%:   29-block  0
call    0 never executed
branch  1 never executed
branch  2 never executed
    #####:   30:            modifyCourse();
    %%%%%:   30-block  0
call    0 never executed
branch  1 never executed
branch  2 never executed
    #####:   31:        } else if (cmd == "find name") {
    %%%%%:   31-block  0
call    0 never executed
branch  1 never executed
branch  2 never executed
    #####:   32:            findCourseByName();
    %%%%%:   32-block  0
call    0 never executed
branch  1 never executed
branch  2 never executed
    #####:   33:        } else if (cmd == "filter hpw") {
    %%%%%:   33-block  0
call    0 never executed
branch  1 never executed
branch  2 never executed
    #####:   34:            filterByHPW();
    %%%%%:   34-block  0
call    0 never executed
branch  1 never executed
branch  2 never executed
    #####:   35:        } else if (cmd == "filter teacher") {
    %%%%%:   35-block  0
call    0 never executed
branch  1 never executed
branch  2 never executed
    #####:   36:            filterByTeacher();
    %%%%%:   36-block  0
call    0 never executed
branch  1 never executed
branch  2 never executed
    #####:   37:        } else if (cmd == "sorted by") {
    %%%%%:   37-block  0
call    0 never executed
branch  1 never executed
branch  2 never executed
    #####:   38:            getSortedBy();
    %%%%%:   38-block  0
call    0 never executed
branch  1 never executed
branch  2 never executed
    #####:   39:        } else if (cmd == "add to contract" || cmd == "a2c") {
    %%%%%:   39-block  0
call    0 never executed
branch  1 never executed
branch  2 never executed
    %%%%%:   39-block  1
call    3 never executed
branch  4 never executed
branch  5 never executed
    %%%%%:   39-block  2
    %%%%%:   39-block  3
    %%%%%:   39-block  4
branch  6 never executed
branch  7 never executed
    #####:   40:            addCourseToContract();
    %%%%%:   40-block  0
call    0 never executed
branch  1 never executed
branch  2 never executed
    #####:   41:        } else if (cmd == "clear contract" || cmd == "cc") {
    %%%%%:   41-block  0
call    0 never executed
branch  1 never executed
branch  2 never executed
    %%%%%:   41-block  1
call    3 never executed
branch  4 never executed
branch  5 never executed
    %%%%%:   41-block  2
    %%%%%:   41-block  3
    %%%%%:   41-block  4
branch  6 never executed
branch  7 never executed
    #####:   42:            clearContract();
    %%%%%:   42-block  0
call    0 never executed
branch  1 never executed
branch  2 never executed
    #####:   43:        } else if (cmd == "export contract" || cmd == "ex c") {
    %%%%%:   43-block  0
call    0 never executed
branch  1 never executed
branch  2 never executed
    %%%%%:   43-block  1
call    3 never executed
branch  4 never executed
branch  5 never executed
    %%%%%:   43-block  2
    %%%%%:   43-block  3
    %%%%%:   43-block  4
branch  6 never executed
branch  7 never executed
    #####:   44:            exportContract();
    %%%%%:   44-block  0
call    0 never executed
branch  1 never executed
branch  2 never executed
    #####:   45:        } else if (cmd == "generate contract" || cmd == "gen c") {
    %%%%%:   45-block  0
call    0 never executed
branch  1 never executed
branch  2 never executed
    %%%%%:   45-block  1
call    3 never executed
branch  4 never executed
branch  5 never executed
    %%%%%:   45-block  2
    %%%%%:   45-block  3
    %%%%%:   45-block  4
branch  6 never executed
branch  7 never executed
    #####:   46:            generateContract();
    %%%%%:   46-block  0
call    0 never executed
branch  1 never executed
branch  2 never executed
    #####:   47:        } else if (cmd == "type report" || cmd == "tr") {
    %%%%%:   47-block  0
call    0 never executed
branch  1 never executed
branch  2 never executed
    %%%%%:   47-block  1
call    3 never executed
branch  4 never executed
branch  5 never executed
    %%%%%:   47-block  2
    %%%%%:   47-block  3
    %%%%%:   47-block  4
branch  6 never executed
branch  7 never executed
    #####:   48:            typeReport();
    %%%%%:   48-block  0
call    0 never executed
branch  1 never executed
branch  2 never executed
        -:   49:        } else {
    #####:   50:            print_error("Invalid command.");
    %%%%%:   50-block  0
call    0 never executed
branch  1 never executed
branch  2 never executed
        -:   51:        }
        -:   52:    }
        -:   53:}
        -:   54:
        -:   55:
function _ZN13UserInterface15print_help_menuEv called 0 returned 0% blocks executed 0%
    #####:   56:void UserInterface::print_help_menu() {
        -:   57:    std::cout << "'exit': Exit the program.\n" <<
        -:   58:              "'add':  Add a course.\n" <<
        -:   59:              "'rm':   Remove a course.\n" <<
        -:   60:              "'list': List all courses.\n" <<
        -:   61:              "'mod':  Modify a course.\n" <<
        -:   62:              "'filter hpw': Filter courses by how many hours per week they take.\n" <<
        -:   63:              "'filter teacher': Filter courses by teacher.\n"
        -:   64:              "'find name': Find a course by its name.\n" <<
        -:   65:              "'sorted by': Get the list of courses, sorted by a given criterion.\n" <<
        -:   66:              "'add to contract' or 'a2c': Add a course to the contract.\n" <<
        -:   67:              "'clear contract' or 'cc': Clear all courses from the contract\n" <<
        -:   68:              "'export contract' or 'ex c': Export the contract ot a file\n" <<
        -:   69:              "'generate contract' or 'gen c': Generate a random contract.\n" <<
    #####:   70:              "'type report' or 'tr': Generate a report about the types of courses."<<
    %%%%%:   70-block  0
call    0 never executed
call    1 never executed
call    2 never executed
call    3 never executed
call    4 never executed
call    5 never executed
call    6 never executed
call    7 never executed
call    8 never executed
call    9 never executed
call   10 never executed
call   11 never executed
call   12 never executed
    #####:   71:              std::endl;
call    0 never executed
    #####:   72:}
        -:   73:
        -:   74:
function _ZN13UserInterface9addCourseEv called 0 returned 0% blocks executed 0%
    #####:   75:void UserInterface::addCourse() {
    #####:   76:    std::string name, teacher, type, hours_string;
    %%%%%:   76-block  0
call    0 never executed
call    1 never executed
call    2 never executed
call    3 never executed
    $$$$$:   76-block  1
call    4 never executed
    $$$$$:   76-block  2
call    5 never executed
    $$$$$:   76-block  3
call    6 never executed
    $$$$$:   76-block  4
call    7 never executed
    #####:   77:    std::cout << "Add a course" << std::endl;
call    0 never executed
branch  1 never executed
branch  2 never executed
    %%%%%:   77-block  0
call    3 never executed
branch  4 never executed
branch  5 never executed
    #####:   78:    read_w_message(name, "Course name: ");
    %%%%%:   78-block  0
call    0 never executed
branch  1 never executed
branch  2 never executed
    #####:   79:    read_w_message(teacher, "Teacher's name: ");
    %%%%%:   79-block  0
call    0 never executed
branch  1 never executed
branch  2 never executed
    #####:   80:    read_w_message(type, "Course type: ");
    %%%%%:   80-block  0
call    0 never executed
branch  1 never executed
branch  2 never executed
    #####:   81:    read_w_message(hours_string, "How many hours per week will this course take: ");
    %%%%%:   81-block  0
call    0 never executed
branch  1 never executed
branch  2 never executed
        -:   82:
        -:   83:    try {
    #####:   84:        UserInterface::ctrl.add_course(name, teacher, type, hours_string);
    %%%%%:   84-block  0
call    0 never executed
branch  1 never executed
branch  2 never executed
        -:   85:    }
    =====:   86:    catch (std::out_of_range &e) {
    $$$$$:   86-block  0
call    0 never executed
    $$$$$:   86-block  1
call    1 never executed
    $$$$$:   86-block  2
call    2 never executed
    =====:   87:        print_error(e.what());
call    0 never executed
call    1 never executed
branch  2 never executed
branch  3 never executed
    =====:   88:        return;
    $$$$$:   88-block  0
        -:   89:    }
    =====:   90:    catch (std::invalid_argument &e) {
    $$$$$:   90-block  0
call    0 never executed
    $$$$$:   90-block  1
call    1 never executed
    $$$$$:   90-block  2
call    2 never executed
    =====:   91:        print_error(e.what());
call    0 never executed
call    1 never executed
branch  2 never executed
branch  3 never executed
    =====:   92:        return;
    $$$$$:   92-block  0
        -:   93:    }
        -:   94:
    #####:   95:    std::cout << "Course added successfully!\n";
    %%%%%:   95-block  0
call    0 never executed
branch  1 never executed
branch  2 never executed
        -:   96:}
        -:   97:
function _ZN13UserInterface12deleteCourseEv called 0 returned 0% blocks executed 0%
    #####:   98:void UserInterface::deleteCourse() {
    #####:   99:    std::string id_buff;
    %%%%%:   99-block  0
call    0 never executed
    $$$$$:   99-block  1
call    1 never executed
    #####:  100:    read_w_message(id_buff, "ID of course to delete: ");
call    0 never executed
branch  1 never executed
branch  2 never executed
        -:  101:
        -:  102:    try {
    #####:  103:        ctrl.remove_course(id_buff);
    %%%%%:  103-block  0
call    0 never executed
branch  1 never executed
branch  2 never executed
        -:  104:    }
    =====:  105:    catch (std::out_of_range &e) {
    $$$$$:  105-block  0
call    0 never executed
    $$$$$:  105-block  1
call    1 never executed
    $$$$$:  105-block  2
call    2 never executed
    =====:  106:        print_error(e.what());
call    0 never executed
call    1 never executed
branch  2 never executed
branch  3 never executed
    =====:  107:        return;
    $$$$$:  107-block  0
        -:  108:    }
    #####:  109:    std::cout << "Course removed successfully!\n";
    %%%%%:  109-block  0
call    0 never executed
branch  1 never executed
branch  2 never executed
        -:  110:}
        -:  111:
function _ZN13UserInterface12modifyCourseEv called 0 returned 0% blocks executed 0%
    #####:  112:void UserInterface::modifyCourse() {
    #####:  113:    std::string id_buff;
    %%%%%:  113-block  0
call    0 never executed
    $$$$$:  113-block  1
call    1 never executed
    #####:  114:    read_w_message(id_buff, "ID of course to modify: ");
call    0 never executed
branch  1 never executed
branch  2 never executed
        -:  115:
    #####:  116:    std::string name, teacher, type, hours_string;
    %%%%%:  116-block  0
call    0 never executed
call    1 never executed
call    2 never executed
call    3 never executed
    $$$$$:  116-block  1
call    4 never executed
    $$$$$:  116-block  2
call    5 never executed
    $$$$$:  116-block  3
call    6 never executed
    $$$$$:  116-block  4
call    7 never executed
    #####:  117:    std::cout << "Add a course" << std::endl;
call    0 never executed
branch  1 never executed
branch  2 never executed
    %%%%%:  117-block  0
call    3 never executed
branch  4 never executed
branch  5 never executed
    #####:  118:    read_w_message(name, "Course name: ");
    %%%%%:  118-block  0
call    0 never executed
branch  1 never executed
branch  2 never executed
    #####:  119:    read_w_message(teacher, "Teacher's name: ");
    %%%%%:  119-block  0
call    0 never executed
branch  1 never executed
branch  2 never executed
    #####:  120:    read_w_message(type, "Course type: ");
    %%%%%:  120-block  0
call    0 never executed
branch  1 never executed
branch  2 never executed
    #####:  121:    read_w_message(hours_string, "How many hours per week will this course take: ");
    %%%%%:  121-block  0
call    0 never executed
branch  1 never executed
branch  2 never executed
        -:  122:
        -:  123:    try {
    #####:  124:        UserInterface::ctrl.modify_course(id_buff, name, teacher, type, hours_string);
    %%%%%:  124-block  0
call    0 never executed
branch  1 never executed
branch  2 never executed
        -:  125:    }
    =====:  126:    catch (std::out_of_range &e) {
    $$$$$:  126-block  0
call    0 never executed
    $$$$$:  126-block  1
call    1 never executed
    $$$$$:  126-block  2
call    2 never executed
    =====:  127:        print_error(e.what());
call    0 never executed
call    1 never executed
branch  2 never executed
branch  3 never executed
    =====:  128:        return;
    $$$$$:  128-block  0
        -:  129:    }
    =====:  130:    catch (std::invalid_argument &e) {
    $$$$$:  130-block  0
call    0 never executed
    $$$$$:  130-block  1
call    1 never executed
    $$$$$:  130-block  2
call    2 never executed
    =====:  131:        print_error(e.what());
call    0 never executed
call    1 never executed
branch  2 never executed
branch  3 never executed
    =====:  132:        return;
    $$$$$:  132-block  0
        -:  133:    }
        -:  134:}
        -:  135:
        -:  136:template<typename T>
function _ZN13UserInterface14read_w_messageINSt7__cxx1112basic_stringIcSt11char_traitsIcESaIcEEEEEvRT_PKc called 0 returned 0% blocks executed 0%
    #####:  137:void UserInterface::read_w_message(T &elem, const char message[]) {
    #####:  138:    std::cout << message;
    %%%%%:  138-block  0
call    0 never executed
    #####:  139:    std::getline(std::cin, elem);
call    0 never executed
    #####:  140:    std::cout << std::endl;
call    0 never executed
    #####:  141:}
        -:  142:
        -:  143:
function _ZN13UserInterface15exit_gracefullyEv called 0 returned 0% blocks executed 0%
    #####:  144:void UserInterface::exit_gracefully() {
    #####:  145:    std::cout << "Goodbye!";
    %%%%%:  145-block  0
call    0 never executed
    #####:  146:    exit(EXIT_SUCCESS);
        -:  147:}
        -:  148:
        -:  149:
function _ZN13UserInterface11print_errorEPKc called 0 returned 0% blocks executed 0%
    #####:  150:void UserInterface::print_error(const char *message) {
    #####:  151:    std::cout << message << std::endl;
    %%%%%:  151-block  0
call    0 never executed
call    1 never executed
    #####:  152:}
        -:  153:
        -:  154:
function _ZN13UserInterface7listAllEv called 0 returned 0% blocks executed 0%
    #####:  155:void UserInterface::listAll() {
    #####:  156:    const auto &result = ctrl.getAll();
    %%%%%:  156-block  0
call    0 never executed
    #####:  157:    if (result.get_size() == 0) {
call    0 never executed
branch  1 never executed
branch  2 never executed
    #####:  158:        print_error("There are no courses.");
    %%%%%:  158-block  0
call    0 never executed
    #####:  159:        return;
        -:  160:    }
        -:  161:
    #####:  162:    for (const auto &e: result) {
    %%%%%:  162-block  0
call    0 never executed
branch  1 never executed
branch  2 never executed
    %%%%%:  162-block  1
call    3 never executed
branch  4 never executed
branch  5 never executed
    %%%%%:  162-block  2
call    6 never executed
branch  7 never executed
branch  8 never executed
    %%%%%:  162-block  3
call    9 never executed
    #####:  163:        std::cout << e.to_str() << std::endl;
call    0 never executed
branch  1 never executed
branch  2 never executed
    %%%%%:  163-block  0
call    3 never executed
branch  4 never executed
branch  5 never executed
    %%%%%:  163-block  1
call    6 never executed
branch  7 never executed
branch  8 never executed
    %%%%%:  163-block  2
call    9 never executed
call   10 never executed
    $$$$$:  163-block  3
call   11 never executed
    $$$$$:  163-block  4
        -:  164:    }
        -:  165:}
        -:  166:
function _ZN13UserInterface16findCourseByNameEv called 0 returned 0% blocks executed 0%
    #####:  167:void UserInterface::findCourseByName() {
    #####:  168:    std::string target_name;
    %%%%%:  168-block  0
call    0 never executed
    $$$$$:  168-block  1
call    1 never executed
    #####:  169:    read_w_message(target_name, "Name of course to search for: ");
call    0 never executed
branch  1 never executed
branch  2 never executed
        -:  170:
        -:  171:    try {
    #####:  172:        const auto &result = ctrl.getCourse(target_name);
    %%%%%:  172-block  0
call    0 never executed
branch  1 never executed
branch  2 never executed
    #####:  173:        std::cout << result.to_str() << std::endl;
    %%%%%:  173-block  0
call    0 never executed
branch  1 never executed
branch  2 never executed
    %%%%%:  173-block  1
call    3 never executed
branch  4 never executed
branch  5 never executed
    %%%%%:  173-block  2
call    6 never executed
branch  7 never executed
branch  8 never executed
    %%%%%:  173-block  3
call    9 never executed
    $$$$$:  173-block  4
call   10 never executed
    $$$$$:  173-block  5
        -:  174:    }
    =====:  175:    catch (std::out_of_range &e) {
    $$$$$:  175-block  0
call    0 never executed
    $$$$$:  175-block  1
call    1 never executed
    $$$$$:  175-block  2
call    2 never executed
    =====:  176:        print_error(e.what());
call    0 never executed
call    1 never executed
branch  2 never executed
branch  3 never executed
    =====:  177:        return;
    $$$$$:  177-block  0
        -:  178:    }
        -:  179:}
        -:  180:
function _ZN13UserInterface11filterByHPWEv called 0 returned 0% blocks executed 0%
    #####:  181:void UserInterface::filterByHPW() {
    #####:  182:    std::string start_buff, stop_buff;
    %%%%%:  182-block  0
call    0 never executed
call    1 never executed
    $$$$$:  182-block  1
call    2 never executed
    $$$$$:  182-block  2
call    3 never executed
    #####:  183:    std::cout << "Get courses with a number of hours per week in the interval [start, stop]\n";
call    0 never executed
branch  1 never executed
branch  2 never executed
    #####:  184:    read_w_message(start_buff, "Start: ");
    %%%%%:  184-block  0
call    0 never executed
branch  1 never executed
branch  2 never executed
    #####:  185:    read_w_message(stop_buff, "Stop: ");
    %%%%%:  185-block  0
call    0 never executed
branch  1 never executed
branch  2 never executed
        -:  186:
        -:  187:    try {
    #####:  188:        auto result_vector = ctrl.getCoursesMatchingHPW(start_buff, stop_buff);
    %%%%%:  188-block  0
call    0 never executed
branch  1 never executed
branch  2 never executed
    $$$$$:  188-block  1
call    3 never executed
    #####:  189:        std::cout << "The matching courses are: " << std::endl;
    %%%%%:  189-block  0
call    0 never executed
branch  1 never executed
branch  2 never executed
    %%%%%:  189-block  1
call    3 never executed
branch  4 never executed
branch  5 never executed
        -:  190:
    #####:  191:        if (result_vector->empty()) {
    %%%%%:  191-block  0
call    0 never executed
call    1 never executed
branch  2 never executed
branch  3 never executed
    #####:  192:            std::cout << "No courses have an amount of hours per week in the given range.\n";
    %%%%%:  192-block  0
call    0 never executed
branch  1 never executed
branch  2 never executed
    #####:  193:            return;
    %%%%%:  193-block  0
        -:  194:        }
        -:  195:
    #####:  196:        for (auto &course: *result_vector) {
    %%%%%:  196-block  0
call    0 never executed
call    1 never executed
call    2 never executed
    %%%%%:  196-block  1
call    3 never executed
branch  4 never executed
branch  5 never executed
    %%%%%:  196-block  2
call    6 never executed
    #####:  197:            std::cout << course.to_str() << std::endl;
call    0 never executed
branch  1 never executed
branch  2 never executed
    %%%%%:  197-block  0
call    3 never executed
branch  4 never executed
branch  5 never executed
    %%%%%:  197-block  1
call    6 never executed
branch  7 never executed
branch  8 never executed
    %%%%%:  197-block  2
call    9 never executed
call   10 never executed
    $$$$$:  197-block  3
call   11 never executed
    $$$$$:  197-block  4
        -:  198:        }
        -:  199:    }
    =====:  200:    catch (std::invalid_argument &e) {
    $$$$$:  200-block  0
call    0 never executed
    $$$$$:  200-block  1
call    1 never executed
    $$$$$:  200-block  2
call    2 never executed
    =====:  201:        print_error(e.what());
call    0 never executed
call    1 never executed
branch  2 never executed
branch  3 never executed
        -:  202:    }
        -:  203:}
        -:  204:
function _ZN13UserInterface15filterByTeacherEv called 0 returned 0% blocks executed 0%
    #####:  205:void UserInterface::filterByTeacher() {
    #####:  206:    std::string teacher_name;
    %%%%%:  206-block  0
call    0 never executed
    $$$$$:  206-block  1
call    1 never executed
    #####:  207:    read_w_message(teacher_name, "Teacher name: ");
call    0 never executed
branch  1 never executed
branch  2 never executed
        -:  208:
        -:  209:
    #####:  210:    auto result_vector = ctrl.getCoursesMatchingTeacher(teacher_name);
    %%%%%:  210-block  0
call    0 never executed
branch  1 never executed
branch  2 never executed
    $$$$$:  210-block  1
call    3 never executed
        -:  211:
    #####:  212:    if (result_vector->empty()) {
    %%%%%:  212-block  0
call    0 never executed
call    1 never executed
branch  2 never executed
branch  3 never executed
    #####:  213:        std::cout << "No courses have this teacher.\n";
    %%%%%:  213-block  0
call    0 never executed
branch  1 never executed
branch  2 never executed
    #####:  214:        return;
    %%%%%:  214-block  0
        -:  215:    }
        -:  216:
    #####:  217:    for (auto &course: *result_vector) {
    %%%%%:  217-block  0
call    0 never executed
call    1 never executed
call    2 never executed
    %%%%%:  217-block  1
call    3 never executed
branch  4 never executed
branch  5 never executed
    %%%%%:  217-block  2
call    6 never executed
    #####:  218:        std::cout << course.to_str() << std::endl;
call    0 never executed
branch  1 never executed
branch  2 never executed
    %%%%%:  218-block  0
call    3 never executed
branch  4 never executed
branch  5 never executed
    %%%%%:  218-block  1
call    6 never executed
branch  7 never executed
branch  8 never executed
    %%%%%:  218-block  2
call    9 never executed
call   10 never executed
    $$$$$:  218-block  3
call   11 never executed
    $$$$$:  218-block  4
        -:  219:    }
        -:  220:
        -:  221:}
        -:  222:
function _ZN13UserInterface11getSortedByEv called 0 returned 0% blocks executed 0%
    #####:  223:void UserInterface::getSortedBy() {
    #####:  224:    std::string criterion;
    %%%%%:  224-block  0
call    0 never executed
    %%%%%:  224-block  1
call    1 never executed
    $$$$$:  224-block  2
call    2 never executed
    #####:  225:    std::cout << "The valid criteria are: teacher, name, hours. Secondary sort is by type." << std::endl;
call    0 never executed
branch  1 never executed
branch  2 never executed
    %%%%%:  225-block  0
call    3 never executed
branch  4 never executed
branch  5 never executed
    #####:  226:    read_w_message(criterion, "Which criterion to search by? ");
    %%%%%:  226-block  0
call    0 never executed
branch  1 never executed
branch  2 never executed
        -:  227:
        -:  228:    try {
    #####:  229:        auto result_vector = ctrl.getSortedBy(criterion);
    %%%%%:  229-block  0
call    0 never executed
branch  1 never executed
branch  2 never executed
    %%%%%:  229-block  1
call    3 never executed
    $$$$$:  229-block  2
call    4 never executed
        -:  230:
    #####:  231:        if (result_vector->empty()) {
    %%%%%:  231-block  0
call    0 never executed
call    1 never executed
branch  2 never executed
branch  3 never executed
    #####:  232:            print_error("There are no courses yet.");
    %%%%%:  232-block  0
call    0 never executed
branch  1 never executed
branch  2 never executed
        -:  233:        }
        -:  234:
    #####:  235:        std::cout << "The sorted courses are: " << std::endl;
    %%%%%:  235-block  0
call    0 never executed
branch  1 never executed
branch  2 never executed
    %%%%%:  235-block  1
call    3 never executed
branch  4 never executed
branch  5 never executed
    #####:  236:        for (auto &course: *result_vector) {
    %%%%%:  236-block  0
call    0 never executed
call    1 never executed
call    2 never executed
    %%%%%:  236-block  1
call    3 never executed
branch  4 never executed
branch  5 never executed
    %%%%%:  236-block  2
call    6 never executed
    #####:  237:            std::cout << course.to_str() << std::endl;
call    0 never executed
branch  1 never executed
branch  2 never executed
    %%%%%:  237-block  0
call    3 never executed
branch  4 never executed
branch  5 never executed
    %%%%%:  237-block  1
call    6 never executed
branch  7 never executed
branch  8 never executed
    %%%%%:  237-block  2
call    9 never executed
call   10 never executed
    $$$$$:  237-block  3
call   11 never executed
    $$$$$:  237-block  4
        -:  238:        }
        -:  239:    }
    =====:  240:    catch (std::invalid_argument &e) {
    $$$$$:  240-block  0
call    0 never executed
    $$$$$:  240-block  1
call    1 never executed
    $$$$$:  240-block  2
call    2 never executed
    =====:  241:        print_error(e.what());
call    0 never executed
call    1 never executed
branch  2 never executed
branch  3 never executed
        -:  242:    }
        -:  243:
    #####:  244:}
        -:  245:
function _ZN13UserInterface19addCourseToContractEv called 0 returned 0% blocks executed 0%
    #####:  246:void UserInterface::addCourseToContract() {
    #####:  247:    std::string course_name;
    %%%%%:  247-block  0
call    0 never executed
    $$$$$:  247-block  1
call    1 never executed
    #####:  248:    read_w_message(course_name, "Name of course to be added: ");
call    0 never executed
branch  1 never executed
branch  2 never executed
        -:  249:
        -:  250:
        -:  251:    try {
    #####:  252:        ctrl.add_course_to_contract(course_name);
    %%%%%:  252-block  0
call    0 never executed
branch  1 never executed
branch  2 never executed
        -:  253:    }
    =====:  254:    catch(std::out_of_range& e){
    $$$$$:  254-block  0
call    0 never executed
    $$$$$:  254-block  1
call    1 never executed
    $$$$$:  254-block  2
call    2 never executed
    =====:  255:        print_error(e.what());
call    0 never executed
call    1 never executed
branch  2 never executed
branch  3 never executed
    =====:  256:        printContractCourseCount();
    $$$$$:  256-block  0
call    0 never executed
branch  1 never executed
branch  2 never executed
    =====:  257:        return;
    $$$$$:  257-block  0
        -:  258:    }
    #####:  259:    std::cout << "Course added to contract successfully!" << std::endl;
    %%%%%:  259-block  0
call    0 never executed
branch  1 never executed
branch  2 never executed
    %%%%%:  259-block  1
call    3 never executed
branch  4 never executed
branch  5 never executed
    #####:  260:    printContractCourseCount();
    %%%%%:  260-block  0
call    0 never executed
branch  1 never executed
branch  2 never executed
        -:  261:}
        -:  262:
function _ZN13UserInterface24printContractCourseCountEv called 0 returned 0% blocks executed 0%
    #####:  263:void UserInterface::printContractCourseCount() {
    #####:  264:    std::cout   << "The contract currently contains " << ctrl.get_number_of_courses_in_contract()
    %%%%%:  264-block  0
call    0 never executed
call    1 never executed
call    2 never executed
    #####:  265:                << " courses." << std::endl;
call    0 never executed
call    1 never executed
    #####:  266:}
        -:  267:
function _ZN13UserInterface13clearContractEv called 0 returned 0% blocks executed 0%
    #####:  268:void UserInterface::clearContract() {
    #####:  269:    ctrl.clear_contract();
    %%%%%:  269-block  0
call    0 never executed
    #####:  270:    std::cout << "Contract cleared successfully!" << std::endl;
call    0 never executed
call    1 never executed
    #####:  271:}
        -:  272:
function _ZN13UserInterface14exportContractEv called 0 returned 0% blocks executed 0%
    #####:  273:void UserInterface::exportContract() {
    #####:  274:    std::string filename;
    %%%%%:  274-block  0
call    0 never executed
    $$$$$:  274-block  1
call    1 never executed
    #####:  275:    read_w_message(filename, "Contract filename (without extension): ");
call    0 never executed
branch  1 never executed
branch  2 never executed
        -:  276:
    #####:  277:    for(auto c : filename){
    %%%%%:  277-block  0
call    0 never executed
call    1 never executed
    %%%%%:  277-block  1
call    2 never executed
branch  3 never executed
branch  4 never executed
    %%%%%:  277-block  2
call    5 never executed
    %%%%%:  277-block  3
call    6 never executed
    #####:  278:        if(!std::isalnum(c)){
branch  0 never executed
branch  1 never executed
    #####:  279:            print_error("Error: filename contains invalid characters.");
    %%%%%:  279-block  0
call    0 never executed
branch  1 never executed
branch  2 never executed
    #####:  280:            return;
    %%%%%:  280-block  0
        -:  281:        }
        -:  282:    }
        -:  283:
    #####:  284:    ctrl.export_contract_to_file(filename);
    %%%%%:  284-block  0
call    0 never executed
branch  1 never executed
branch  2 never executed
        -:  285:
    #####:  286:    std::cout << "Contract exported successfully!";
    %%%%%:  286-block  0
call    0 never executed
branch  1 never executed
branch  2 never executed
    #####:  287:    printContractCourseCount();
    %%%%%:  287-block  0
call    0 never executed
branch  1 never executed
branch  2 never executed
        -:  288:}
        -:  289:
function _ZN13UserInterface16generateContractEv called 0 returned 0% blocks executed 0%
    #####:  290:void UserInterface::generateContract() {
    #####:  291:    std::string count_buff;
    %%%%%:  291-block  0
call    0 never executed
    %%%%%:  291-block  1
call    1 never executed
    $$$$$:  291-block  2
call    2 never executed
    #####:  292:    read_w_message(count_buff, "Number of courses to generate: ");
call    0 never executed
branch  1 never executed
branch  2 never executed
        -:  293:
        -:  294:    try {
    #####:  295:        ctrl.generate_contract(count_buff);
    %%%%%:  295-block  0
call    0 never executed
branch  1 never executed
branch  2 never executed
        -:  296:    }
    =====:  297:    catch(std::invalid_argument& e)
    $$$$$:  297-block  0
call    0 never executed
    $$$$$:  297-block  1
call    1 never executed
    $$$$$:  297-block  2
call    2 never executed
        -:  298:    {
    =====:  299:        print_error(e.what());
call    0 never executed
call    1 never executed
branch  2 never executed
branch  3 never executed
        -:  300:    }
        -:  301:
    #####:  302:    std::cout << "Generated " << count_buff << "courses successfully and added them to the contract!";
    %%%%%:  302-block  0
call    0 never executed
branch  1 never executed
branch  2 never executed
    %%%%%:  302-block  1
call    3 never executed
branch  4 never executed
branch  5 never executed
    %%%%%:  302-block  2
call    6 never executed
branch  7 never executed
branch  8 never executed
    #####:  303:}
        -:  304:
function _ZN13UserInterface10typeReportEv called 0 returned 0% blocks executed 0%
    #####:  305:void UserInterface::typeReport() {
    #####:  306:    std::cout << "Type report:" << std::endl;
    %%%%%:  306-block  0
call    0 never executed
branch  1 never executed
branch  2 never executed
    %%%%%:  306-block  1
call    3 never executed
branch  4 never executed
branch  5 never executed
        -:  307:
    #####:  308:    auto type_data = ctrl.getCourseTypeData();
    %%%%%:  308-block  0
call    0 never executed
branch  1 never executed
branch  2 never executed
    %%%%%:  308-block  1
call    3 never executed
    $$$$$:  308-block  2
call    4 never executed
    #####:  309:    for(const auto& it : *type_data){
    %%%%%:  309-block  0
call    0 never executed
call    1 never executed
call    2 never executed
    %%%%%:  309-block  1
call    3 never executed
branch  4 never executed
branch  5 never executed
    %%%%%:  309-block  2
call    6 never executed
    %%%%%:  309-block  3
call    7 never executed
    #####:  310:        std::cout << it.first << ": " << it.second << std::endl;
call    0 never executed
branch  1 never executed
branch  2 never executed
    %%%%%:  310-block  0
call    3 never executed
branch  4 never executed
branch  5 never executed
    %%%%%:  310-block  1
call    6 never executed
branch  7 never executed
branch  8 never executed
    %%%%%:  310-block  2
call    9 never executed
branch 10 never executed
branch 11 never executed
        -:  311:    }
    #####:  312:}
