        -:    0:Source:C:/Projects/fac/OOP/Lab5_Contract_de_studii/Vector.h
        -:    0:Graph:C:\Projects\fac\OOP\Lab5_Contract_de_studii\cmake-build-debug-coverage\CMakeFiles\Lab5_Contract_de_studii.dir\user_interface.cpp.gcno
        -:    0:Data:C:\Projects\fac\OOP\Lab5_Contract_de_studii\cmake-build-debug-coverage\CMakeFiles\Lab5_Contract_de_studii.dir\user_interface.cpp.gcda
        -:    0:Runs:1
        -:    1://
        -:    2:// Created by jdt on 2022-04-06.
        -:    3://
        -:    4:
        -:    5:#ifndef LAB5_CONTRACT_DE_STUDII_VECTOR_H
        -:    6:#define LAB5_CONTRACT_DE_STUDII_VECTOR_H
        -:    7:
        -:    8:#include <cstdlib>
        -:    9:
        -:   10:template<typename T>
        -:   11:class Vector{
        -:   12:private:
        -:   13:  T* contents;
        -:   14:  size_t capacity;
        -:   15:  size_t crt_size;
        -:   16:  static const size_t RESIZE_FACTOR = 2;
        -:   17:  static const size_t INIT_MAX_SIZE = 10;
        -:   18:
        -:   19:  /**
        -:   20:   * Increase the size of the internal container
        -:   21:   */
        -:   22:  void increase_size();
        -:   23:
        -:   24:  /**
        -:   25:   * Decrease the size of the internal container
        -:   26:   */
        -:   27:  void decrease_size();
        -:   28:
        -:   29:public:
        -:   30:  struct iterator{
        -:   31:    using difference_type = std::ptrdiff_t;
        -:   32:    using iterator_category = std::random_access_iterator_tag;
        -:   33:    using value_type        = T;
        -:   34:    using pointer           = T*;
        -:   35:    using reference         = T&;
        -:   36:  private:
        -:   37:    T* i_ptr;
        -:   38:
        -:   39:  public:
function _ZN6VectorI6CourseE8iteratorC1EPS0_ called 0 returned 0% blocks executed 0%
    #####:   40:    explicit iterator(T* cont): i_ptr(cont) {}
        -:   41:
function _ZN6VectorI6CourseE8iteratorppEv called 0 returned 0% blocks executed 0%
    #####:   42:    iterator& operator++(){
    #####:   43:      i_ptr++;
    #####:   44:      return *this;
    %%%%%:   44-block  0
        -:   45:    }
        -:   46:
        -:   47:    iterator& operator--(){
        -:   48:      i_ptr--;
        -:   49:      return *this;
        -:   50:    }
        -:   51:
        -:   52:    iterator& operator-(int val){
        -:   53:      i_ptr -= val;
        -:   54:      return *this;
        -:   55:    }
        -:   56:
function _ZN6VectorI6CourseE8iteratordeEv called 0 returned 0% blocks executed 0%
    #####:   57:    T& operator*(){
    #####:   58:      return *(i_ptr);
    %%%%%:   58-block  0
        -:   59:    }
        -:   60:
        -:   61:    friend bool operator==(iterator crt, iterator other){
        -:   62:      return  crt.i_ptr == other.i_ptr;
        -:   63:    }
        -:   64:
function _ZneN6VectorI6CourseE8iteratorES2_ called 0 returned 0% blocks executed 0%
    #####:   65:    friend bool operator!=(iterator crt, iterator other){
    #####:   66:      return crt.i_ptr != other.i_ptr;
    %%%%%:   66-block  0
        -:   67:    }
        -:   68:
        -:   69:    T& operator[](size_t index){
        -:   70:      return *(i_ptr + index);
        -:   71:    }
        -:   72:  };
        -:   73:
        -:   74:  struct const_iterator{
        -:   75:    using difference_type = std::ptrdiff_t;
        -:   76:    using iterator_category = std::random_access_iterator_tag;
        -:   77:    using value_type        = const T;
        -:   78:    using pointer           = T* const;
        -:   79:    using reference         = const T&;
        -:   80:  private:
        -:   81:    T*i_ptr;
        -:   82:  public:
function _ZN6VectorI6CourseE14const_iteratorC1EPS0_ called 0 returned 0% blocks executed 0%
    #####:   83:    explicit const_iterator(T* cont): i_ptr(cont) {}
        -:   84:
function _ZN6VectorI6CourseE14const_iteratorppEv called 0 returned 0% blocks executed 0%
    #####:   85:    const_iterator& operator++(){
    #####:   86:       i_ptr++;
    #####:   87:      return *this;
    %%%%%:   87-block  0
        -:   88:    }
        -:   89:
function _ZN6VectorI6CourseE14const_iteratordeEv called 0 returned 0% blocks executed 0%
    #####:   90:    T& operator*(){
    #####:   91:      return *(i_ptr);
    %%%%%:   91-block  0
        -:   92:    }
        -:   93:
        -:   94:    difference_type operator-(const_iterator other){
        -:   95:      return i_ptr - other.i_ptr;
        -:   96:    }
        -:   97:
        -:   98:    const_iterator& operator-(int val){
        -:   99:      i_ptr -= val;
        -:  100:      return *this;
        -:  101:    }
        -:  102:
        -:  103:    const_iterator& operator+(int val){
        -:  104:      i_ptr += val;
        -:  105:      return *this;
        -:  106:    }
        -:  107:
        -:  108:    const_iterator& operator--(){
        -:  109:      --i_ptr;
        -:  110:      return *this;
        -:  111:    }
        -:  112:
        -:  113:    bool operator<=(const_iterator other){
        -:  114:      return i_ptr <= other.i_ptr;
        -:  115:    }
        -:  116:
        -:  117:    bool operator<(const_iterator other){
        -:  118:      return i_ptr < other.i_ptr;
        -:  119:    }
        -:  120:
        -:  121:    friend bool operator==(const_iterator crt, const_iterator other){
        -:  122:      return  crt.i_ptr == other.i_ptr;
        -:  123:    }
        -:  124:
function _ZneN6VectorI6CourseE14const_iteratorES2_ called 0 returned 0% blocks executed 0%
    #####:  125:    friend bool operator!=(const_iterator crt, const_iterator other){
    #####:  126:      return crt.i_ptr != other.i_ptr;
    %%%%%:  126-block  0
        -:  127:    }
        -:  128:
        -:  129:    const T& operator[](size_t index){
        -:  130:      return *(i_ptr + index);
        -:  131:    }
        -:  132:  };
        -:  133:
        -:  134:  Vector();
        -:  135:
        -:  136:  Vector(Vector&);
        -:  137:
        -:  138:  ~Vector();
        -:  139:
        -:  140:  /**
        -:  141:   * Add an element to the vector
        -:  142:   * @param e - the element ot be added
        -:  143:   */
        -:  144:  void push_back(const T& e);
        -:  145:
        -:  146:  /**
        -:  147:   * Erase an element a a given position
        -:  148:   * @param it
        -:  149:   */
        -:  150:  void erase(const_iterator it);
        -:  151:
        -:  152:  /**
        -:  153:   * Erase an element a a given position
        -:  154:   * @param it
        -:  155:   */
        -:  156:  void erase(iterator it);
        -:  157:
        -:  158:  /**
        -:  159:   * Get a constant iterator to the beginning of the vector
        -:  160:   * @return The iterator
        -:  161:   */
        -:  162:  Vector<T>::const_iterator cbegin() const;
        -:  163:
        -:  164:
        -:  165:  /**
        -:  166:   * Get a constant iterator to the end of the vector
        -:  167:   * @return The iterator
        -:  168:   */
        -:  169:  Vector<T>::const_iterator cend() const;
        -:  170:
        -:  171:  /**
        -:  172:   * Get an iterator to the beginning of the vector
        -:  173:   * @return  The iterator
        -:  174:   */
        -:  175:  Vector<T>::iterator begin();
        -:  176:
        -:  177:/**
        -:  178: * Get an iterator to the end of the vector
        -:  179: * @return  The iterator
        -:  180: */
        -:  181:  Vector<T>::iterator end();
        -:  182:
        -:  183:  /**
        -:  184:   * Get the element at a given index.
        -:  185:   * @param index
        -:  186:   * @return
        -:  187:   */
        -:  188:  T& operator[](size_t index){
        -:  189:      return contents[index];
        -:  190:  };
        -:  191:
        -:  192:    /**
        -:  193:     * Get the element at a given index.
        -:  194:     * @param index
        -:  195:     * @return
        -:  196:     */
        -:  197:  T& at(size_t index);
        -:  198:  const T& at(size_t index) const;
        -:  199:  [[nodiscard]] size_t size() const;
        -:  200:
        -:  201:};
        -:  202:
        -:  203:template <typename T> Vector<T>::Vector() :
        -:  204:  capacity(INIT_MAX_SIZE), crt_size(0)
        -:  205:{
        -:  206:  capacity = INIT_MAX_SIZE;
        -:  207:  contents = new T[capacity];
        -:  208:}
        -:  209:
        -:  210:template <typename T> void Vector<T>::increase_size() {
        -:  211:  capacity *= RESIZE_FACTOR;
        -:  212:  auto new_contents = new T[capacity];
        -:  213:  for(size_t i = 0; i < crt_size; ++i){
        -:  214:    new_contents[i] = contents[i];
        -:  215:  }
        -:  216:  delete[] contents;
        -:  217:  contents = new_contents;
        -:  218:}
        -:  219:
        -:  220:template <typename T> void Vector<T>::decrease_size() {
        -:  221:  capacity /= RESIZE_FACTOR;
        -:  222:  auto new_contents = new T[capacity];
        -:  223:  for(size_t i = 0; i < crt_size; ++i){
        -:  224:    new_contents[i] = contents[i];
        -:  225:  }
        -:  226:  delete[] contents;
        -:  227:  contents = new_contents;
        -:  228:}
        -:  229:
function _ZN6VectorI6CourseED1Ev called 0 returned 0% blocks executed 0%
    #####:  230:template <typename T> Vector<T>::~Vector() {
    #####:  231:  delete[] contents;
    %%%%%:  231-block  0
branch  0 never executed
branch  1 never executed
    %%%%%:  231-block  1
    %%%%%:  231-block  2
branch  2 never executed
branch  3 never executed
    %%%%%:  231-block  3
call    4 never executed
    %%%%%:  231-block  4
call    5 never executed
    #####:  232:}
        -:  233:
        -:  234:template <typename T> void Vector<T>::push_back(const T &e) {
        -:  235:  if(crt_size +1 == capacity){
        -:  236:    increase_size();
        -:  237:  }
        -:  238:  contents[crt_size] = e;
        -:  239:  ++crt_size;
        -:  240:}
        -:  241:
function _ZNK6VectorI6CourseE6cbeginEv called 0 returned 0% blocks executed 0%
    #####:  242:template <typename T> typename Vector<T>::const_iterator Vector<T>::  cbegin() const{
    #####:  243:  return Vector<T>::const_iterator(contents);
    %%%%%:  243-block  0
call    0 never executed
        -:  244:}
        -:  245:
function _ZNK6VectorI6CourseE4cendEv called 0 returned 0% blocks executed 0%
    #####:  246:template <typename T> typename Vector<T>::const_iterator Vector<T>::cend() const{
    #####:  247:  return Vector<T>::const_iterator(&contents[crt_size]);
    %%%%%:  247-block  0
call    0 never executed
        -:  248:}
        -:  249:
function _ZN6VectorI6CourseE5beginEv called 0 returned 0% blocks executed 0%
    #####:  250:template <typename T> typename Vector<T>::iterator Vector<T>::begin() {
    #####:  251:  return Vector<T>::iterator(contents);
    %%%%%:  251-block  0
call    0 never executed
        -:  252:}
        -:  253:
function _ZN6VectorI6CourseE3endEv called 0 returned 0% blocks executed 0%
    #####:  254:template <typename T> typename Vector<T>::iterator Vector<T>::end() {
    #####:  255:  return Vector<T>::iterator(&contents[crt_size]);
    %%%%%:  255-block  0
call    0 never executed
        -:  256:}
        -:  257:
        -:  258:template <typename T> void Vector<T>::erase(const_iterator it) {
        -:  259:  auto last = --end();
        -:  260:  std::swap(*it, *last);
        -:  261:  --crt_size;
        -:  262:}
        -:  263:
        -:  264:template <typename T> void Vector<T>::erase(Vector::iterator it) {
        -:  265:  auto next = it;
        -:  266:  ++next;
        -:  267:  std::copy(next, end(), it);
        -:  268:}
        -:  269:
        -:  270:template <typename T> T& Vector<T>::at(size_t index) {
        -:  271:  return contents[index];
        -:  272:}
function _ZNK6VectorI6CourseE4sizeEv called 0 returned 0% blocks executed 0%
    #####:  273:template <typename T> size_t Vector<T>::size() const {
    #####:  274:  return crt_size;
    %%%%%:  274-block  0
        -:  275:}
        -:  276:template <typename T> const T &Vector<T>::at(size_t index) const {
        -:  277:  return contents[index];
        -:  278:}
        -:  279:template <typename T> Vector<T>::Vector(Vector<T>& old) :
        -:  280:capacity{old.capacity}, crt_size{0} {
        -:  281:  contents = new T[capacity];
        -:  282:  for(T element : old){
        -:  283:    push_back(element);
        -:  284:  }
        -:  285:}
        -:  286:
        -:  287:#endif // LAB5_CONTRACT_DE_STUDII_VECTOR_H
