        -:    0:Source:C:/Projects/fac/OOP/Lab5_Contract_de_studii/validate.cpp
        -:    0:Graph:C:\Projects\fac\OOP\Lab5_Contract_de_studii\cmake-build-debug-coverage\CMakeFiles\Lab5_Contract_de_studii.dir\validate.cpp.gcno
        -:    0:Data:C:\Projects\fac\OOP\Lab5_Contract_de_studii\cmake-build-debug-coverage\CMakeFiles\Lab5_Contract_de_studii.dir\validate.cpp.gcda
        -:    0:Runs:1
        -:    1://
        -:    2:// Created by jdt on 2022-03-31.
        -:    3://
        -:    4:
        -:    5:#include "validate.h"
function _Z15is_valid_stringRKNSt7__cxx1112basic_stringIcSt11char_traitsIcESaIcEEE called 28 returned 100% blocks executed 100%
       28:    6:bool is_valid_string(const std::string &name) {
      202:    7:    for(auto c : name){
       28:    7-block  0
call    0 returned 28
call    1 returned 28
      175:    7-block  1
call    2 returned 175
      174:    7-block  2
call    3 returned 174
      202:    7-block  3
call    4 returned 202
branch  5 taken 175
branch  6 taken 27 (fallthrough)
      175:    8:      if(std::isalpha(c) ||  c == '\'' || c == ' '){
branch  0 taken 10 (fallthrough)
branch  1 taken 165
       10:    8-block  0
branch  2 taken 10 (fallthrough)
branch  3 taken 0
       10:    8-block  1
branch  4 taken 9 (fallthrough)
branch  5 taken 1
      174:    9:        continue;
      174:    9-block  0
        -:   10:      }
        1:   11:      return false;
        1:   11-block  0
        -:   12:    }
       27:   13:    if(name.length() < 2)
       27:   13-block  0
call    0 returned 27
branch  1 taken 5 (fallthrough)
branch  2 taken 22
        5:   14:      return false;
        5:   14-block  0
       22:   15:    return true;
       22:   15-block  0
        -:   16: }
function _Z23is_valid_hours_per_weekj called 48 returned 100% blocks executed 100%
       48:   17:bool is_valid_hours_per_week(unsigned int num) {
       48:   18:  constexpr unsigned MAX_HOURS_PER_WEEK = 24 * 7 / 4;
       48:   19:  if(num == 0 || num > MAX_HOURS_PER_WEEK)
       48:   19-block  0
branch  0 taken 47 (fallthrough)
branch  1 taken 1
       47:   19-block  1
branch  2 taken 1 (fallthrough)
branch  3 taken 46
        2:   20:    return false;
        2:   20-block  0
       46:   21:  return true;
       46:   21-block  0
        -:   22:}
